2025-04-08T16:50:52.095+09:00  INFO 26636 --- [ex01] [main] com.example.ex01.Ex01Application         : Starting Ex01Application using Java 17.0.14 with PID 26636 (C:\boot-workspace\ex01\build\classes\java\main started by chohe in C:\boot-workspace\ex01)
2025-04-08T16:50:52.098+09:00 DEBUG 26636 --- [ex01] [main] com.example.ex01.Ex01Application         : Running with Spring Boot v3.4.4, Spring v6.2.5
2025-04-08T16:50:52.101+09:00  INFO 26636 --- [ex01] [main] com.example.ex01.Ex01Application         : No active profile set, falling back to 1 default profile: "default"
2025-04-08T16:50:54.532+09:00  INFO 26636 --- [ex01] [main] o.s.b.w.embedded.tomcat.TomcatWebServer  : Tomcat initialized with port 8080 (http)
2025-04-08T16:50:54.553+09:00  INFO 26636 --- [ex01] [main] o.apache.catalina.core.StandardService   : Starting service [Tomcat]
2025-04-08T16:50:54.554+09:00  INFO 26636 --- [ex01] [main] o.apache.catalina.core.StandardEngine    : Starting Servlet engine: [Apache Tomcat/10.1.39]
2025-04-08T16:50:54.644+09:00  INFO 26636 --- [ex01] [main] o.a.c.c.C.[Tomcat].[localhost].[/]       : Initializing Spring embedded WebApplicationContext
2025-04-08T16:50:54.644+09:00  INFO 26636 --- [ex01] [main] w.s.c.ServletWebServerApplicationContext : Root WebApplicationContext: initialization completed in 2437 ms
2025-04-08T16:50:55.470+09:00  INFO 26636 --- [ex01] [main] o.s.b.w.embedded.tomcat.TomcatWebServer  : Tomcat started on port 8080 (http) with context path '/'
2025-04-08T16:50:55.488+09:00  INFO 26636 --- [ex01] [main] com.example.ex01.Ex01Application         : Started Ex01Application in 4.542 seconds (process running for 5.182)
2025-04-08T16:51:03.046+09:00  INFO 26636 --- [ex01] [http-nio-8080-exec-1] o.a.c.c.C.[Tomcat].[localhost].[/]       : Initializing Spring DispatcherServlet 'dispatcherServlet'
2025-04-08T16:51:03.047+09:00  INFO 26636 --- [ex01] [http-nio-8080-exec-1] o.s.web.servlet.DispatcherServlet        : Initializing Servlet 'dispatcherServlet'
2025-04-08T16:51:03.052+09:00  INFO 26636 --- [ex01] [http-nio-8080-exec-1] o.s.web.servlet.DispatcherServlet        : Completed initialization in 4 ms
2025-04-08T16:51:03.130+09:00 DEBUG 26636 --- [ex01] [http-nio-8080-exec-1] c.e.ex01.controller.MemberController     : debug execute
2025-04-08T16:51:03.131+09:00  INFO 26636 --- [ex01] [http-nio-8080-exec-1] c.e.ex01.controller.MemberController     : info execute
2025-04-08T16:51:03.131+09:00  WARN 26636 --- [ex01] [http-nio-8080-exec-1] c.e.ex01.controller.MemberController     : warn execute
2025-04-08T16:51:03.131+09:00 ERROR 26636 --- [ex01] [http-nio-8080-exec-1] c.e.ex01.controller.MemberController     : error execute
2025-04-08T16:53:04.238+09:00 DEBUG 26636 --- [ex01] [http-nio-8080-exec-4] c.e.ex01.controller.MemberController     : debug execute
2025-04-08T16:53:04.254+09:00  INFO 26636 --- [ex01] [http-nio-8080-exec-4] c.e.ex01.controller.MemberController     : info execute
2025-04-08T16:53:04.255+09:00  WARN 26636 --- [ex01] [http-nio-8080-exec-4] c.e.ex01.controller.MemberController     : warn execute
2025-04-08T16:53:04.256+09:00 ERROR 26636 --- [ex01] [http-nio-8080-exec-4] c.e.ex01.controller.MemberController     : error execute
2025-04-08T16:56:17.457+09:00  INFO 13392 --- [ex01] [main] com.example.ex01.Ex01Application         : Starting Ex01Application using Java 17.0.14 with PID 13392 (C:\boot-workspace\ex01\build\classes\java\main started by chohe in C:\boot-workspace\ex01)
2025-04-08T16:56:17.462+09:00 DEBUG 13392 --- [ex01] [main] com.example.ex01.Ex01Application         : Running with Spring Boot v3.4.4, Spring v6.2.5
2025-04-08T16:56:17.472+09:00  INFO 13392 --- [ex01] [main] com.example.ex01.Ex01Application         : No active profile set, falling back to 1 default profile: "default"
2025-04-08T16:56:19.584+09:00  INFO 13392 --- [ex01] [main] o.s.b.w.embedded.tomcat.TomcatWebServer  : Tomcat initialized with port 8080 (http)
2025-04-08T16:56:19.607+09:00  INFO 13392 --- [ex01] [main] o.apache.catalina.core.StandardService   : Starting service [Tomcat]
2025-04-08T16:56:19.608+09:00  INFO 13392 --- [ex01] [main] o.apache.catalina.core.StandardEngine    : Starting Servlet engine: [Apache Tomcat/10.1.39]
2025-04-08T16:56:19.716+09:00  INFO 13392 --- [ex01] [main] o.a.c.c.C.[Tomcat].[localhost].[/]       : Initializing Spring embedded WebApplicationContext
2025-04-08T16:56:19.717+09:00  INFO 13392 --- [ex01] [main] w.s.c.ServletWebServerApplicationContext : Root WebApplicationContext: initialization completed in 2138 ms
2025-04-08T16:56:20.644+09:00  INFO 13392 --- [ex01] [main] o.s.b.w.embedded.tomcat.TomcatWebServer  : Tomcat started on port 8080 (http) with context path '/'
2025-04-08T16:56:20.665+09:00  INFO 13392 --- [ex01] [main] com.example.ex01.Ex01Application         : Started Ex01Application in 4.123 seconds (process running for 4.755)
2025-04-08T16:56:55.856+09:00  INFO 13392 --- [ex01] [http-nio-8080-exec-1] o.a.c.c.C.[Tomcat].[localhost].[/]       : Initializing Spring DispatcherServlet 'dispatcherServlet'
2025-04-08T16:56:55.856+09:00  INFO 13392 --- [ex01] [http-nio-8080-exec-1] o.s.web.servlet.DispatcherServlet        : Initializing Servlet 'dispatcherServlet'
2025-04-08T16:56:55.857+09:00  INFO 13392 --- [ex01] [http-nio-8080-exec-1] o.s.web.servlet.DispatcherServlet        : Completed initialization in 1 ms
2025-04-08T17:00:40.764+09:00  INFO 19560 --- [ex01] [main] com.example.ex01.Ex01Application         : Starting Ex01Application using Java 17.0.14 with PID 19560 (C:\boot-workspace\ex01\build\classes\java\main started by chohe in C:\boot-workspace\ex01)
2025-04-08T17:00:40.771+09:00 DEBUG 19560 --- [ex01] [main] com.example.ex01.Ex01Application         : Running with Spring Boot v3.4.4, Spring v6.2.5
2025-04-08T17:00:40.778+09:00  INFO 19560 --- [ex01] [main] com.example.ex01.Ex01Application         : No active profile set, falling back to 1 default profile: "default"
2025-04-08T17:00:43.066+09:00  INFO 19560 --- [ex01] [main] o.s.b.w.embedded.tomcat.TomcatWebServer  : Tomcat initialized with port 8080 (http)
2025-04-08T17:00:43.088+09:00  INFO 19560 --- [ex01] [main] o.apache.catalina.core.StandardService   : Starting service [Tomcat]
2025-04-08T17:00:43.089+09:00  INFO 19560 --- [ex01] [main] o.apache.catalina.core.StandardEngine    : Starting Servlet engine: [Apache Tomcat/10.1.39]
2025-04-08T17:00:43.221+09:00  INFO 19560 --- [ex01] [main] o.a.c.c.C.[Tomcat].[localhost].[/]       : Initializing Spring embedded WebApplicationContext
2025-04-08T17:00:43.223+09:00  INFO 19560 --- [ex01] [main] w.s.c.ServletWebServerApplicationContext : Root WebApplicationContext: initialization completed in 2321 ms
2025-04-08T17:00:44.372+09:00  INFO 19560 --- [ex01] [main] o.s.b.w.embedded.tomcat.TomcatWebServer  : Tomcat started on port 8080 (http) with context path '/'
2025-04-08T17:00:44.384+09:00  INFO 19560 --- [ex01] [main] com.example.ex01.Ex01Application         : Started Ex01Application in 4.801 seconds (process running for 5.463)
2025-04-08T17:00:45.115+09:00  INFO 19560 --- [ex01] [http-nio-8080-exec-1] o.a.c.c.C.[Tomcat].[localhost].[/]       : Initializing Spring DispatcherServlet 'dispatcherServlet'
2025-04-08T17:00:45.117+09:00  INFO 19560 --- [ex01] [http-nio-8080-exec-1] o.s.web.servlet.DispatcherServlet        : Initializing Servlet 'dispatcherServlet'
2025-04-08T17:00:45.119+09:00  INFO 19560 --- [ex01] [http-nio-8080-exec-1] o.s.web.servlet.DispatcherServlet        : Completed initialization in 2 ms
2025-04-08T17:11:15.656+09:00  INFO 26224 --- [ex01] [main] com.example.ex01.Ex01Application         : Starting Ex01Application using Java 17.0.14 with PID 26224 (C:\boot-workspace\ex01\build\classes\java\main started by chohe in C:\boot-workspace\ex01)
2025-04-08T17:11:15.660+09:00 DEBUG 26224 --- [ex01] [main] com.example.ex01.Ex01Application         : Running with Spring Boot v3.4.4, Spring v6.2.5
2025-04-08T17:11:15.663+09:00  INFO 26224 --- [ex01] [main] com.example.ex01.Ex01Application         : No active profile set, falling back to 1 default profile: "default"
2025-04-08T17:11:17.735+09:00  INFO 26224 --- [ex01] [main] o.s.b.w.embedded.tomcat.TomcatWebServer  : Tomcat initialized with port 8080 (http)
2025-04-08T17:11:17.760+09:00  INFO 26224 --- [ex01] [main] o.apache.catalina.core.StandardService   : Starting service [Tomcat]
2025-04-08T17:11:17.760+09:00  INFO 26224 --- [ex01] [main] o.apache.catalina.core.StandardEngine    : Starting Servlet engine: [Apache Tomcat/10.1.39]
2025-04-08T17:11:17.867+09:00  INFO 26224 --- [ex01] [main] o.a.c.c.C.[Tomcat].[localhost].[/]       : Initializing Spring embedded WebApplicationContext
2025-04-08T17:11:17.868+09:00  INFO 26224 --- [ex01] [main] w.s.c.ServletWebServerApplicationContext : Root WebApplicationContext: initialization completed in 2092 ms
2025-04-08T17:11:18.766+09:00  INFO 26224 --- [ex01] [main] o.s.b.w.embedded.tomcat.TomcatWebServer  : Tomcat started on port 8080 (http) with context path '/'
2025-04-08T17:11:18.791+09:00  INFO 26224 --- [ex01] [main] com.example.ex01.Ex01Application         : Started Ex01Application in 4.029 seconds (process running for 4.579)
2025-04-08T17:11:24.275+09:00  INFO 26224 --- [ex01] [http-nio-8080-exec-1] o.a.c.c.C.[Tomcat].[localhost].[/]       : Initializing Spring DispatcherServlet 'dispatcherServlet'
2025-04-08T17:11:24.276+09:00  INFO 26224 --- [ex01] [http-nio-8080-exec-1] o.s.web.servlet.DispatcherServlet        : Initializing Servlet 'dispatcherServlet'
2025-04-08T17:11:24.279+09:00  INFO 26224 --- [ex01] [http-nio-8080-exec-1] o.s.web.servlet.DispatcherServlet        : Completed initialization in 1 ms
2025-04-08T17:15:49.966+09:00  INFO 25536 --- [ex01] [main] com.example.ex01.Ex01Application         : Starting Ex01Application using Java 17.0.14 with PID 25536 (C:\boot-workspace\ex01\build\classes\java\main started by chohe in C:\boot-workspace\ex01)
2025-04-08T17:15:49.970+09:00 DEBUG 25536 --- [ex01] [main] com.example.ex01.Ex01Application         : Running with Spring Boot v3.4.4, Spring v6.2.5
2025-04-08T17:15:49.972+09:00  INFO 25536 --- [ex01] [main] com.example.ex01.Ex01Application         : No active profile set, falling back to 1 default profile: "default"
2025-04-08T17:15:52.299+09:00  INFO 25536 --- [ex01] [main] o.s.b.w.embedded.tomcat.TomcatWebServer  : Tomcat initialized with port 8080 (http)
2025-04-08T17:15:52.333+09:00  INFO 25536 --- [ex01] [main] o.apache.catalina.core.StandardService   : Starting service [Tomcat]
2025-04-08T17:15:52.334+09:00  INFO 25536 --- [ex01] [main] o.apache.catalina.core.StandardEngine    : Starting Servlet engine: [Apache Tomcat/10.1.39]
2025-04-08T17:15:52.470+09:00  INFO 25536 --- [ex01] [main] o.a.c.c.C.[Tomcat].[localhost].[/]       : Initializing Spring embedded WebApplicationContext
2025-04-08T17:15:52.471+09:00  INFO 25536 --- [ex01] [main] w.s.c.ServletWebServerApplicationContext : Root WebApplicationContext: initialization completed in 2398 ms
2025-04-08T17:15:53.451+09:00  INFO 25536 --- [ex01] [main] o.s.b.w.embedded.tomcat.TomcatWebServer  : Tomcat started on port 8080 (http) with context path '/'
2025-04-08T17:15:53.467+09:00  INFO 25536 --- [ex01] [main] com.example.ex01.Ex01Application         : Started Ex01Application in 4.451 seconds (process running for 5.035)
2025-04-08T17:16:35.675+09:00  INFO 25536 --- [ex01] [http-nio-8080-exec-2] o.a.c.c.C.[Tomcat].[localhost].[/]       : Initializing Spring DispatcherServlet 'dispatcherServlet'
2025-04-08T17:16:35.676+09:00  INFO 25536 --- [ex01] [http-nio-8080-exec-2] o.s.web.servlet.DispatcherServlet        : Initializing Servlet 'dispatcherServlet'
2025-04-08T17:16:35.678+09:00  INFO 25536 --- [ex01] [http-nio-8080-exec-2] o.s.web.servlet.DispatcherServlet        : Completed initialization in 1 ms
2025-04-08T17:16:35.746+09:00 DEBUG 25536 --- [ex01] [http-nio-8080-exec-2] c.e.ex01.controller.MemberController     : 받은 id aaaa 
2025-04-08T17:17:09.102+09:00 DEBUG 25536 --- [ex01] [http-nio-8080-exec-4] c.e.ex01.controller.MemberController     : 받은 id asdf 
2025-04-08T17:19:58.996+09:00  INFO 22716 --- [ex01] [main] com.example.ex01.Ex01Application         : Starting Ex01Application using Java 17.0.14 with PID 22716 (C:\boot-workspace\ex01\build\classes\java\main started by chohe in C:\boot-workspace\ex01)
2025-04-08T17:19:58.999+09:00 DEBUG 22716 --- [ex01] [main] com.example.ex01.Ex01Application         : Running with Spring Boot v3.4.4, Spring v6.2.5
2025-04-08T17:19:59.000+09:00  INFO 22716 --- [ex01] [main] com.example.ex01.Ex01Application         : No active profile set, falling back to 1 default profile: "default"
2025-04-08T17:20:01.549+09:00  INFO 22716 --- [ex01] [main] o.s.b.w.embedded.tomcat.TomcatWebServer  : Tomcat initialized with port 8080 (http)
2025-04-08T17:20:01.604+09:00  INFO 22716 --- [ex01] [main] o.apache.catalina.core.StandardService   : Starting service [Tomcat]
2025-04-08T17:20:01.611+09:00  INFO 22716 --- [ex01] [main] o.apache.catalina.core.StandardEngine    : Starting Servlet engine: [Apache Tomcat/10.1.39]
2025-04-08T17:20:01.751+09:00  INFO 22716 --- [ex01] [main] o.a.c.c.C.[Tomcat].[localhost].[/]       : Initializing Spring embedded WebApplicationContext
2025-04-08T17:20:01.752+09:00  INFO 22716 --- [ex01] [main] w.s.c.ServletWebServerApplicationContext : Root WebApplicationContext: initialization completed in 2535 ms
2025-04-08T17:20:02.718+09:00  INFO 22716 --- [ex01] [main] o.s.b.w.embedded.tomcat.TomcatWebServer  : Tomcat started on port 8080 (http) with context path '/'
2025-04-08T17:20:02.743+09:00  INFO 22716 --- [ex01] [main] com.example.ex01.Ex01Application         : Started Ex01Application in 5.094 seconds (process running for 5.808)
2025-04-08T17:21:11.201+09:00  INFO 24472 --- [ex01] [main] com.example.ex01.Ex01Application         : Starting Ex01Application using Java 17.0.14 with PID 24472 (C:\boot-workspace\ex01\build\classes\java\main started by chohe in C:\boot-workspace\ex01)
2025-04-08T17:21:11.220+09:00 DEBUG 24472 --- [ex01] [main] com.example.ex01.Ex01Application         : Running with Spring Boot v3.4.4, Spring v6.2.5
2025-04-08T17:21:11.223+09:00  INFO 24472 --- [ex01] [main] com.example.ex01.Ex01Application         : No active profile set, falling back to 1 default profile: "default"
2025-04-08T17:21:13.724+09:00  INFO 24472 --- [ex01] [main] o.s.b.w.embedded.tomcat.TomcatWebServer  : Tomcat initialized with port 8080 (http)
2025-04-08T17:21:13.752+09:00  INFO 24472 --- [ex01] [main] o.apache.catalina.core.StandardService   : Starting service [Tomcat]
2025-04-08T17:21:13.752+09:00  INFO 24472 --- [ex01] [main] o.apache.catalina.core.StandardEngine    : Starting Servlet engine: [Apache Tomcat/10.1.39]
2025-04-08T17:21:13.866+09:00  INFO 24472 --- [ex01] [main] o.a.c.c.C.[Tomcat].[localhost].[/]       : Initializing Spring embedded WebApplicationContext
2025-04-08T17:21:13.867+09:00  INFO 24472 --- [ex01] [main] w.s.c.ServletWebServerApplicationContext : Root WebApplicationContext: initialization completed in 2530 ms
2025-04-08T17:21:15.093+09:00  INFO 24472 --- [ex01] [main] o.s.b.w.embedded.tomcat.TomcatWebServer  : Tomcat started on port 8080 (http) with context path '/'
2025-04-08T17:21:15.110+09:00  INFO 24472 --- [ex01] [main] com.example.ex01.Ex01Application         : Started Ex01Application in 5.131 seconds (process running for 5.841)
2025-04-08T17:23:02.680+09:00  INFO 24472 --- [ex01] [http-nio-8080-exec-1] o.a.c.c.C.[Tomcat].[localhost].[/]       : Initializing Spring DispatcherServlet 'dispatcherServlet'
2025-04-08T17:23:02.681+09:00  INFO 24472 --- [ex01] [http-nio-8080-exec-1] o.s.web.servlet.DispatcherServlet        : Initializing Servlet 'dispatcherServlet'
2025-04-08T17:23:02.683+09:00  INFO 24472 --- [ex01] [http-nio-8080-exec-1] o.s.web.servlet.DispatcherServlet        : Completed initialization in 2 ms
2025-04-08T17:23:02.987+09:00 DEBUG 24472 --- [ex01] [http-nio-8080-exec-1] c.e.ex01.controller.MemberController     : dto 확인 MemberDTO(username=aaa, password=aaa, role=USER)
2025-04-08T17:30:48.616+09:00  INFO 20912 --- [ex01] [restartedMain] com.example.ex01.Ex01Application         : Starting Ex01Application using Java 17.0.14 with PID 20912 (C:\boot-workspace\ex01\build\classes\java\main started by chohe in C:\boot-workspace\ex01)
2025-04-08T17:30:48.622+09:00 DEBUG 20912 --- [ex01] [restartedMain] com.example.ex01.Ex01Application         : Running with Spring Boot v3.4.4, Spring v6.2.5
2025-04-08T17:30:48.623+09:00  INFO 20912 --- [ex01] [restartedMain] com.example.ex01.Ex01Application         : No active profile set, falling back to 1 default profile: "default"
2025-04-08T17:30:48.714+09:00  INFO 20912 --- [ex01] [restartedMain] .e.DevToolsPropertyDefaultsPostProcessor : Devtools property defaults active! Set 'spring.devtools.add-properties' to 'false' to disable
2025-04-08T17:30:48.715+09:00  INFO 20912 --- [ex01] [restartedMain] .e.DevToolsPropertyDefaultsPostProcessor : For additional web related logging consider setting the 'logging.level.web' property to 'DEBUG'
2025-04-08T17:30:50.610+09:00  INFO 20912 --- [ex01] [restartedMain] o.s.b.w.embedded.tomcat.TomcatWebServer  : Tomcat initialized with port 8080 (http)
2025-04-08T17:30:50.633+09:00  INFO 20912 --- [ex01] [restartedMain] o.apache.catalina.core.StandardService   : Starting service [Tomcat]
2025-04-08T17:30:50.634+09:00  INFO 20912 --- [ex01] [restartedMain] o.apache.catalina.core.StandardEngine    : Starting Servlet engine: [Apache Tomcat/10.1.39]
2025-04-08T17:30:50.696+09:00  INFO 20912 --- [ex01] [restartedMain] o.a.c.c.C.[Tomcat].[localhost].[/]       : Initializing Spring embedded WebApplicationContext
2025-04-08T17:30:50.697+09:00  INFO 20912 --- [ex01] [restartedMain] w.s.c.ServletWebServerApplicationContext : Root WebApplicationContext: initialization completed in 1982 ms
2025-04-08T17:30:51.429+09:00  INFO 20912 --- [ex01] [restartedMain] o.s.b.d.a.OptionalLiveReloadServer       : LiveReload server is running on port 35729
2025-04-08T17:30:51.509+09:00  INFO 20912 --- [ex01] [restartedMain] o.s.b.w.embedded.tomcat.TomcatWebServer  : Tomcat started on port 8080 (http) with context path '/'
2025-04-08T17:30:51.519+09:00  INFO 20912 --- [ex01] [restartedMain] com.example.ex01.Ex01Application         : Started Ex01Application in 3.581 seconds (process running for 4.157)
2025-04-08T17:31:20.621+09:00  INFO 20912 --- [ex01] [http-nio-8080-exec-1] o.a.c.c.C.[Tomcat].[localhost].[/]       : Initializing Spring DispatcherServlet 'dispatcherServlet'
2025-04-08T17:31:20.622+09:00  INFO 20912 --- [ex01] [http-nio-8080-exec-1] o.s.web.servlet.DispatcherServlet        : Initializing Servlet 'dispatcherServlet'
2025-04-08T17:31:20.666+09:00  INFO 20912 --- [ex01] [http-nio-8080-exec-1] o.s.web.servlet.DispatcherServlet        : Completed initialization in 43 ms
2025-04-08T17:31:26.407+09:00 DEBUG 20912 --- [ex01] [http-nio-8080-exec-3] c.e.ex01.controller.MemberController     : debug execute
2025-04-08T17:31:26.408+09:00  INFO 20912 --- [ex01] [http-nio-8080-exec-3] c.e.ex01.controller.MemberController     : info execute
2025-04-08T17:31:26.409+09:00  WARN 20912 --- [ex01] [http-nio-8080-exec-3] c.e.ex01.controller.MemberController     : warn execute
2025-04-08T17:31:26.410+09:00 ERROR 20912 --- [ex01] [http-nio-8080-exec-3] c.e.ex01.controller.MemberController     : error execute
2025-04-08T17:34:06.649+09:00  INFO 17412 --- [ex01] [restartedMain] com.example.ex01.Ex01Application         : Starting Ex01Application using Java 17.0.14 with PID 17412 (C:\boot-workspace\ex01\build\classes\java\main started by chohe in C:\boot-workspace\ex01)
2025-04-08T17:34:06.652+09:00 DEBUG 17412 --- [ex01] [restartedMain] com.example.ex01.Ex01Application         : Running with Spring Boot v3.4.4, Spring v6.2.5
2025-04-08T17:34:06.653+09:00  INFO 17412 --- [ex01] [restartedMain] com.example.ex01.Ex01Application         : No active profile set, falling back to 1 default profile: "default"
2025-04-08T17:34:06.852+09:00  INFO 17412 --- [ex01] [restartedMain] .e.DevToolsPropertyDefaultsPostProcessor : Devtools property defaults active! Set 'spring.devtools.add-properties' to 'false' to disable
2025-04-08T17:34:06.852+09:00  INFO 17412 --- [ex01] [restartedMain] .e.DevToolsPropertyDefaultsPostProcessor : For additional web related logging consider setting the 'logging.level.web' property to 'DEBUG'
2025-04-08T17:34:08.647+09:00  INFO 17412 --- [ex01] [restartedMain] o.s.b.w.embedded.tomcat.TomcatWebServer  : Tomcat initialized with port 8080 (http)
2025-04-08T17:34:08.668+09:00  INFO 17412 --- [ex01] [restartedMain] o.apache.catalina.core.StandardService   : Starting service [Tomcat]
2025-04-08T17:34:08.669+09:00  INFO 17412 --- [ex01] [restartedMain] o.apache.catalina.core.StandardEngine    : Starting Servlet engine: [Apache Tomcat/10.1.39]
2025-04-08T17:34:08.732+09:00  INFO 17412 --- [ex01] [restartedMain] o.a.c.c.C.[Tomcat].[localhost].[/]       : Initializing Spring embedded WebApplicationContext
2025-04-08T17:34:08.733+09:00  INFO 17412 --- [ex01] [restartedMain] w.s.c.ServletWebServerApplicationContext : Root WebApplicationContext: initialization completed in 1880 ms
2025-04-08T17:34:09.486+09:00  INFO 17412 --- [ex01] [restartedMain] o.s.b.d.a.OptionalLiveReloadServer       : LiveReload server is running on port 35729
2025-04-08T17:34:09.558+09:00  INFO 17412 --- [ex01] [restartedMain] o.s.b.w.embedded.tomcat.TomcatWebServer  : Tomcat started on port 8080 (http) with context path '/'
2025-04-08T17:34:09.575+09:00  INFO 17412 --- [ex01] [restartedMain] com.example.ex01.Ex01Application         : Started Ex01Application in 3.681 seconds (process running for 4.262)
2025-04-08T17:34:17.711+09:00  INFO 17412 --- [ex01] [http-nio-8080-exec-1] o.a.c.c.C.[Tomcat].[localhost].[/]       : Initializing Spring DispatcherServlet 'dispatcherServlet'
2025-04-08T17:34:17.712+09:00  INFO 17412 --- [ex01] [http-nio-8080-exec-1] o.s.web.servlet.DispatcherServlet        : Initializing Servlet 'dispatcherServlet'
2025-04-08T17:34:17.713+09:00  INFO 17412 --- [ex01] [http-nio-8080-exec-1] o.s.web.servlet.DispatcherServlet        : Completed initialization in 1 ms
2025-04-08T17:35:02.425+09:00  INFO 20316 --- [ex01] [restartedMain] com.example.ex01.Ex01Application         : Starting Ex01Application using Java 17.0.14 with PID 20316 (C:\boot-workspace\ex01\build\classes\java\main started by chohe in C:\boot-workspace\ex01)
2025-04-08T17:35:02.428+09:00 DEBUG 20316 --- [ex01] [restartedMain] com.example.ex01.Ex01Application         : Running with Spring Boot v3.4.4, Spring v6.2.5
2025-04-08T17:35:02.429+09:00  INFO 20316 --- [ex01] [restartedMain] com.example.ex01.Ex01Application         : No active profile set, falling back to 1 default profile: "default"
2025-04-08T17:35:02.515+09:00  INFO 20316 --- [ex01] [restartedMain] .e.DevToolsPropertyDefaultsPostProcessor : Devtools property defaults active! Set 'spring.devtools.add-properties' to 'false' to disable
2025-04-08T17:35:02.516+09:00  INFO 20316 --- [ex01] [restartedMain] .e.DevToolsPropertyDefaultsPostProcessor : For additional web related logging consider setting the 'logging.level.web' property to 'DEBUG'
2025-04-08T17:35:04.123+09:00  INFO 20316 --- [ex01] [restartedMain] o.s.b.w.embedded.tomcat.TomcatWebServer  : Tomcat initialized with port 8080 (http)
2025-04-08T17:35:04.143+09:00  INFO 20316 --- [ex01] [restartedMain] o.apache.catalina.core.StandardService   : Starting service [Tomcat]
2025-04-08T17:35:04.144+09:00  INFO 20316 --- [ex01] [restartedMain] o.apache.catalina.core.StandardEngine    : Starting Servlet engine: [Apache Tomcat/10.1.39]
2025-04-08T17:35:04.201+09:00  INFO 20316 --- [ex01] [restartedMain] o.a.c.c.C.[Tomcat].[localhost].[/]       : Initializing Spring embedded WebApplicationContext
2025-04-08T17:35:04.201+09:00  INFO 20316 --- [ex01] [restartedMain] w.s.c.ServletWebServerApplicationContext : Root WebApplicationContext: initialization completed in 1685 ms
2025-04-08T17:35:04.896+09:00  INFO 20316 --- [ex01] [restartedMain] o.s.b.d.a.OptionalLiveReloadServer       : LiveReload server is running on port 35729
2025-04-08T17:35:04.972+09:00  INFO 20316 --- [ex01] [restartedMain] o.s.b.w.embedded.tomcat.TomcatWebServer  : Tomcat started on port 8080 (http) with context path '/'
2025-04-08T17:35:04.984+09:00  INFO 20316 --- [ex01] [restartedMain] com.example.ex01.Ex01Application         : Started Ex01Application in 3.492 seconds (process running for 4.069)
2025-04-08T17:35:13.634+09:00  INFO 20316 --- [ex01] [http-nio-8080-exec-1] o.a.c.c.C.[Tomcat].[localhost].[/]       : Initializing Spring DispatcherServlet 'dispatcherServlet'
2025-04-08T17:35:13.635+09:00  INFO 20316 --- [ex01] [http-nio-8080-exec-1] o.s.web.servlet.DispatcherServlet        : Initializing Servlet 'dispatcherServlet'
2025-04-08T17:35:13.637+09:00  INFO 20316 --- [ex01] [http-nio-8080-exec-1] o.s.web.servlet.DispatcherServlet        : Completed initialization in 1 ms
2025-04-08T17:37:27.232+09:00  INFO 15244 --- [ex01] [restartedMain] com.example.ex01.Ex01Application         : Starting Ex01Application using Java 17.0.14 with PID 15244 (C:\boot-workspace\ex01\build\classes\java\main started by chohe in C:\boot-workspace\ex01)
2025-04-08T17:37:27.234+09:00 DEBUG 15244 --- [ex01] [restartedMain] com.example.ex01.Ex01Application         : Running with Spring Boot v3.4.4, Spring v6.2.5
2025-04-08T17:37:27.235+09:00  INFO 15244 --- [ex01] [restartedMain] com.example.ex01.Ex01Application         : No active profile set, falling back to 1 default profile: "default"
2025-04-08T17:37:27.316+09:00  INFO 15244 --- [ex01] [restartedMain] .e.DevToolsPropertyDefaultsPostProcessor : Devtools property defaults active! Set 'spring.devtools.add-properties' to 'false' to disable
2025-04-08T17:37:27.317+09:00  INFO 15244 --- [ex01] [restartedMain] .e.DevToolsPropertyDefaultsPostProcessor : For additional web related logging consider setting the 'logging.level.web' property to 'DEBUG'
2025-04-08T17:37:29.003+09:00  INFO 15244 --- [ex01] [restartedMain] o.s.b.w.embedded.tomcat.TomcatWebServer  : Tomcat initialized with port 8080 (http)
2025-04-08T17:37:29.024+09:00  INFO 15244 --- [ex01] [restartedMain] o.apache.catalina.core.StandardService   : Starting service [Tomcat]
2025-04-08T17:37:29.025+09:00  INFO 15244 --- [ex01] [restartedMain] o.apache.catalina.core.StandardEngine    : Starting Servlet engine: [Apache Tomcat/10.1.39]
2025-04-08T17:37:29.089+09:00  INFO 15244 --- [ex01] [restartedMain] o.a.c.c.C.[Tomcat].[localhost].[/]       : Initializing Spring embedded WebApplicationContext
2025-04-08T17:37:29.090+09:00  INFO 15244 --- [ex01] [restartedMain] w.s.c.ServletWebServerApplicationContext : Root WebApplicationContext: initialization completed in 1772 ms
2025-04-08T17:37:29.785+09:00  INFO 15244 --- [ex01] [restartedMain] o.s.b.d.a.OptionalLiveReloadServer       : LiveReload server is running on port 35729
2025-04-08T17:37:29.838+09:00  INFO 15244 --- [ex01] [restartedMain] o.s.b.w.embedded.tomcat.TomcatWebServer  : Tomcat started on port 8080 (http) with context path '/'
2025-04-08T17:37:29.849+09:00  INFO 15244 --- [ex01] [restartedMain] com.example.ex01.Ex01Application         : Started Ex01Application in 3.359 seconds (process running for 4.015)
2025-04-08T17:37:39.049+09:00  INFO 15244 --- [ex01] [http-nio-8080-exec-1] o.a.c.c.C.[Tomcat].[localhost].[/]       : Initializing Spring DispatcherServlet 'dispatcherServlet'
2025-04-08T17:37:39.050+09:00  INFO 15244 --- [ex01] [http-nio-8080-exec-1] o.s.web.servlet.DispatcherServlet        : Initializing Servlet 'dispatcherServlet'
2025-04-08T17:37:39.050+09:00  INFO 15244 --- [ex01] [http-nio-8080-exec-1] o.s.web.servlet.DispatcherServlet        : Completed initialization in 0 ms
2025-04-08T17:39:55.646+09:00  INFO 6088 --- [ex01] [restartedMain] com.example.ex01.Ex01Application         : Starting Ex01Application using Java 17.0.14 with PID 6088 (C:\boot-workspace\ex01\build\classes\java\main started by chohe in C:\boot-workspace\ex01)
2025-04-08T17:39:55.650+09:00 DEBUG 6088 --- [ex01] [restartedMain] com.example.ex01.Ex01Application         : Running with Spring Boot v3.4.4, Spring v6.2.5
2025-04-08T17:39:55.651+09:00  INFO 6088 --- [ex01] [restartedMain] com.example.ex01.Ex01Application         : No active profile set, falling back to 1 default profile: "default"
2025-04-08T17:39:55.772+09:00  INFO 6088 --- [ex01] [restartedMain] .e.DevToolsPropertyDefaultsPostProcessor : Devtools property defaults active! Set 'spring.devtools.add-properties' to 'false' to disable
2025-04-08T17:39:55.772+09:00  INFO 6088 --- [ex01] [restartedMain] .e.DevToolsPropertyDefaultsPostProcessor : For additional web related logging consider setting the 'logging.level.web' property to 'DEBUG'
2025-04-08T17:39:57.576+09:00  INFO 6088 --- [ex01] [restartedMain] o.s.b.w.embedded.tomcat.TomcatWebServer  : Tomcat initialized with port 8080 (http)
2025-04-08T17:39:57.593+09:00  INFO 6088 --- [ex01] [restartedMain] o.apache.catalina.core.StandardService   : Starting service [Tomcat]
2025-04-08T17:39:57.593+09:00  INFO 6088 --- [ex01] [restartedMain] o.apache.catalina.core.StandardEngine    : Starting Servlet engine: [Apache Tomcat/10.1.39]
2025-04-08T17:39:57.647+09:00  INFO 6088 --- [ex01] [restartedMain] o.a.c.c.C.[Tomcat].[localhost].[/]       : Initializing Spring embedded WebApplicationContext
2025-04-08T17:39:57.649+09:00  INFO 6088 --- [ex01] [restartedMain] w.s.c.ServletWebServerApplicationContext : Root WebApplicationContext: initialization completed in 1875 ms
2025-04-08T17:39:58.300+09:00  INFO 6088 --- [ex01] [restartedMain] o.s.b.d.a.OptionalLiveReloadServer       : LiveReload server is running on port 35729
2025-04-08T17:39:58.378+09:00  INFO 6088 --- [ex01] [restartedMain] o.s.b.w.embedded.tomcat.TomcatWebServer  : Tomcat started on port 8080 (http) with context path '/'
2025-04-08T17:39:58.393+09:00  INFO 6088 --- [ex01] [restartedMain] com.example.ex01.Ex01Application         : Started Ex01Application in 3.487 seconds (process running for 4.092)
2025-04-08T17:40:01.716+09:00  INFO 6088 --- [ex01] [File Watcher] rtingClassPathChangeChangedEventListener : Restarting due to 6 class path changes (0 additions, 6 deletions, 0 modifications)
2025-04-08T17:40:01.721+09:00  INFO 6088 --- [ex01] [Thread-5] o.s.b.w.e.tomcat.GracefulShutdown        : Commencing graceful shutdown. Waiting for active requests to complete
2025-04-08T17:40:02.016+09:00  INFO 6088 --- [ex01] [tomcat-shutdown] o.s.b.w.e.tomcat.GracefulShutdown        : Graceful shutdown complete
2025-04-08T17:40:02.114+09:00  INFO 6088 --- [ex01] [restartedMain] com.example.ex01.Ex01Application         : Starting Ex01Application using Java 17.0.14 with PID 6088 (C:\boot-workspace\ex01\build\classes\java\main started by chohe in C:\boot-workspace\ex01)
2025-04-08T17:40:02.115+09:00 DEBUG 6088 --- [ex01] [restartedMain] com.example.ex01.Ex01Application         : Running with Spring Boot v3.4.4, Spring v6.2.5
2025-04-08T17:40:02.115+09:00  INFO 6088 --- [ex01] [restartedMain] com.example.ex01.Ex01Application         : No active profile set, falling back to 1 default profile: "default"
2025-04-08T17:40:02.538+09:00  INFO 6088 --- [ex01] [restartedMain] o.s.b.w.embedded.tomcat.TomcatWebServer  : Tomcat initialized with port 8080 (http)
2025-04-08T17:40:02.539+09:00  INFO 6088 --- [ex01] [restartedMain] o.apache.catalina.core.StandardService   : Starting service [Tomcat]
2025-04-08T17:40:02.541+09:00  INFO 6088 --- [ex01] [restartedMain] o.apache.catalina.core.StandardEngine    : Starting Servlet engine: [Apache Tomcat/10.1.39]
2025-04-08T17:40:02.586+09:00  INFO 6088 --- [ex01] [restartedMain] o.a.c.c.C.[Tomcat].[localhost].[/]       : Initializing Spring embedded WebApplicationContext
2025-04-08T17:40:02.587+09:00  INFO 6088 --- [ex01] [restartedMain] w.s.c.ServletWebServerApplicationContext : Root WebApplicationContext: initialization completed in 468 ms
2025-04-08T17:40:02.747+09:00  INFO 6088 --- [ex01] [restartedMain] o.s.b.d.a.OptionalLiveReloadServer       : LiveReload server is running on port 35729
2025-04-08T17:40:02.762+09:00  INFO 6088 --- [ex01] [restartedMain] o.s.b.w.embedded.tomcat.TomcatWebServer  : Tomcat started on port 8080 (http) with context path '/'
2025-04-08T17:40:02.765+09:00  INFO 6088 --- [ex01] [restartedMain] com.example.ex01.Ex01Application         : Started Ex01Application in 0.69 seconds (process running for 8.465)
2025-04-08T17:40:02.769+09:00  INFO 6088 --- [ex01] [restartedMain] .ConditionEvaluationDeltaLoggingListener : Condition evaluation unchanged
2025-04-08T17:40:06.165+09:00  INFO 6088 --- [ex01] [File Watcher] rtingClassPathChangeChangedEventListener : Restarting due to 6 class path changes (6 additions, 0 deletions, 0 modifications)
2025-04-08T17:40:06.166+09:00  INFO 6088 --- [ex01] [Thread-7] o.s.b.w.e.tomcat.GracefulShutdown        : Commencing graceful shutdown. Waiting for active requests to complete
2025-04-08T17:40:06.440+09:00  INFO 6088 --- [ex01] [tomcat-shutdown] o.s.b.w.e.tomcat.GracefulShutdown        : Graceful shutdown complete
2025-04-08T17:40:06.543+09:00  INFO 6088 --- [ex01] [restartedMain] com.example.ex01.Ex01Application         : Starting Ex01Application using Java 17.0.14 with PID 6088 (C:\boot-workspace\ex01\build\classes\java\main started by chohe in C:\boot-workspace\ex01)
2025-04-08T17:40:06.544+09:00 DEBUG 6088 --- [ex01] [restartedMain] com.example.ex01.Ex01Application         : Running with Spring Boot v3.4.4, Spring v6.2.5
2025-04-08T17:40:06.545+09:00  INFO 6088 --- [ex01] [restartedMain] com.example.ex01.Ex01Application         : No active profile set, falling back to 1 default profile: "default"
2025-04-08T17:40:07.048+09:00  INFO 6088 --- [ex01] [restartedMain] o.s.b.w.embedded.tomcat.TomcatWebServer  : Tomcat initialized with port 8080 (http)
2025-04-08T17:40:07.050+09:00  INFO 6088 --- [ex01] [restartedMain] o.apache.catalina.core.StandardService   : Starting service [Tomcat]
2025-04-08T17:40:07.051+09:00  INFO 6088 --- [ex01] [restartedMain] o.apache.catalina.core.StandardEngine    : Starting Servlet engine: [Apache Tomcat/10.1.39]
2025-04-08T17:40:07.080+09:00  INFO 6088 --- [ex01] [restartedMain] o.a.c.c.C.[Tomcat].[localhost].[/]       : Initializing Spring embedded WebApplicationContext
2025-04-08T17:40:07.081+09:00  INFO 6088 --- [ex01] [restartedMain] w.s.c.ServletWebServerApplicationContext : Root WebApplicationContext: initialization completed in 533 ms
2025-04-08T17:40:07.195+09:00  INFO 6088 --- [ex01] [restartedMain] o.s.b.d.a.OptionalLiveReloadServer       : LiveReload server is running on port 35729
2025-04-08T17:40:07.207+09:00  INFO 6088 --- [ex01] [restartedMain] o.s.b.w.embedded.tomcat.TomcatWebServer  : Tomcat started on port 8080 (http) with context path '/'
2025-04-08T17:40:07.211+09:00  INFO 6088 --- [ex01] [restartedMain] com.example.ex01.Ex01Application         : Started Ex01Application in 0.704 seconds (process running for 12.911)
2025-04-08T17:40:07.212+09:00  INFO 6088 --- [ex01] [restartedMain] .ConditionEvaluationDeltaLoggingListener : Condition evaluation unchanged
2025-04-08T17:40:15.178+09:00  INFO 6088 --- [ex01] [http-nio-8080-exec-1] o.a.c.c.C.[Tomcat].[localhost].[/]       : Initializing Spring DispatcherServlet 'dispatcherServlet'
2025-04-08T17:40:15.179+09:00  INFO 6088 --- [ex01] [http-nio-8080-exec-1] o.s.web.servlet.DispatcherServlet        : Initializing Servlet 'dispatcherServlet'
2025-04-08T17:40:15.180+09:00  INFO 6088 --- [ex01] [http-nio-8080-exec-1] o.s.web.servlet.DispatcherServlet        : Completed initialization in 1 ms
2025-04-08T17:40:29.749+09:00  INFO 6088 --- [ex01] [File Watcher] rtingClassPathChangeChangedEventListener : Restarting due to 1 class path change (0 additions, 1 deletion, 0 modifications)
2025-04-08T17:40:29.751+09:00  INFO 6088 --- [ex01] [Thread-11] o.s.b.w.e.tomcat.GracefulShutdown        : Commencing graceful shutdown. Waiting for active requests to complete
2025-04-08T17:40:30.054+09:00  INFO 6088 --- [ex01] [tomcat-shutdown] o.s.b.w.e.tomcat.GracefulShutdown        : Graceful shutdown complete
2025-04-08T17:40:30.162+09:00  INFO 6088 --- [ex01] [restartedMain] com.example.ex01.Ex01Application         : Starting Ex01Application using Java 17.0.14 with PID 6088 (C:\boot-workspace\ex01\build\classes\java\main started by chohe in C:\boot-workspace\ex01)
2025-04-08T17:40:30.163+09:00 DEBUG 6088 --- [ex01] [restartedMain] com.example.ex01.Ex01Application         : Running with Spring Boot v3.4.4, Spring v6.2.5
2025-04-08T17:40:30.163+09:00  INFO 6088 --- [ex01] [restartedMain] com.example.ex01.Ex01Application         : No active profile set, falling back to 1 default profile: "default"
2025-04-08T17:40:30.553+09:00  INFO 6088 --- [ex01] [restartedMain] o.s.b.w.embedded.tomcat.TomcatWebServer  : Tomcat initialized with port 8080 (http)
2025-04-08T17:40:30.553+09:00  INFO 6088 --- [ex01] [restartedMain] o.apache.catalina.core.StandardService   : Starting service [Tomcat]
2025-04-08T17:40:30.554+09:00  INFO 6088 --- [ex01] [restartedMain] o.apache.catalina.core.StandardEngine    : Starting Servlet engine: [Apache Tomcat/10.1.39]
2025-04-08T17:40:30.579+09:00  INFO 6088 --- [ex01] [restartedMain] o.a.c.c.C.[Tomcat].[localhost].[/]       : Initializing Spring embedded WebApplicationContext
2025-04-08T17:40:30.579+09:00  INFO 6088 --- [ex01] [restartedMain] w.s.c.ServletWebServerApplicationContext : Root WebApplicationContext: initialization completed in 411 ms
2025-04-08T17:40:30.650+09:00  INFO 6088 --- [ex01] [restartedMain] o.s.b.d.a.OptionalLiveReloadServer       : LiveReload server is running on port 35729
2025-04-08T17:40:30.665+09:00  INFO 6088 --- [ex01] [restartedMain] o.s.b.w.embedded.tomcat.TomcatWebServer  : Tomcat started on port 8080 (http) with context path '/'
2025-04-08T17:40:30.668+09:00  INFO 6088 --- [ex01] [restartedMain] com.example.ex01.Ex01Application         : Started Ex01Application in 0.567 seconds (process running for 36.367)
2025-04-08T17:40:30.669+09:00  INFO 6088 --- [ex01] [restartedMain] .ConditionEvaluationDeltaLoggingListener : Condition evaluation unchanged
2025-04-08T17:40:31.383+09:00  INFO 6088 --- [ex01] [http-nio-8080-exec-1] o.a.c.c.C.[Tomcat].[localhost].[/]       : Initializing Spring DispatcherServlet 'dispatcherServlet'
2025-04-08T17:40:31.383+09:00  INFO 6088 --- [ex01] [http-nio-8080-exec-1] o.s.web.servlet.DispatcherServlet        : Initializing Servlet 'dispatcherServlet'
2025-04-08T17:40:31.384+09:00  INFO 6088 --- [ex01] [http-nio-8080-exec-1] o.s.web.servlet.DispatcherServlet        : Completed initialization in 1 ms
2025-04-08T17:40:33.102+09:00  INFO 6088 --- [ex01] [File Watcher] rtingClassPathChangeChangedEventListener : Restarting due to 1 class path change (1 addition, 0 deletions, 0 modifications)
2025-04-08T17:40:33.103+09:00  INFO 6088 --- [ex01] [Thread-15] o.s.b.w.e.tomcat.GracefulShutdown        : Commencing graceful shutdown. Waiting for active requests to complete
2025-04-08T17:40:33.479+09:00  INFO 6088 --- [ex01] [tomcat-shutdown] o.s.b.w.e.tomcat.GracefulShutdown        : Graceful shutdown complete
2025-04-08T17:40:33.599+09:00  INFO 6088 --- [ex01] [restartedMain] com.example.ex01.Ex01Application         : Starting Ex01Application using Java 17.0.14 with PID 6088 (C:\boot-workspace\ex01\build\classes\java\main started by chohe in C:\boot-workspace\ex01)
2025-04-08T17:40:33.600+09:00 DEBUG 6088 --- [ex01] [restartedMain] com.example.ex01.Ex01Application         : Running with Spring Boot v3.4.4, Spring v6.2.5
2025-04-08T17:40:33.600+09:00  INFO 6088 --- [ex01] [restartedMain] com.example.ex01.Ex01Application         : No active profile set, falling back to 1 default profile: "default"
2025-04-08T17:40:34.025+09:00  INFO 6088 --- [ex01] [restartedMain] o.s.b.w.embedded.tomcat.TomcatWebServer  : Tomcat initialized with port 8080 (http)
2025-04-08T17:40:34.026+09:00  INFO 6088 --- [ex01] [restartedMain] o.apache.catalina.core.StandardService   : Starting service [Tomcat]
2025-04-08T17:40:34.027+09:00  INFO 6088 --- [ex01] [restartedMain] o.apache.catalina.core.StandardEngine    : Starting Servlet engine: [Apache Tomcat/10.1.39]
2025-04-08T17:40:34.047+09:00  INFO 6088 --- [ex01] [restartedMain] o.a.c.c.C.[Tomcat].[localhost].[/]       : Initializing Spring embedded WebApplicationContext
2025-04-08T17:40:34.048+09:00  INFO 6088 --- [ex01] [restartedMain] w.s.c.ServletWebServerApplicationContext : Root WebApplicationContext: initialization completed in 445 ms
2025-04-08T17:40:34.125+09:00  INFO 6088 --- [ex01] [restartedMain] o.s.b.d.a.OptionalLiveReloadServer       : LiveReload server is running on port 35729
2025-04-08T17:40:34.132+09:00  INFO 6088 --- [ex01] [restartedMain] o.s.b.w.embedded.tomcat.TomcatWebServer  : Tomcat started on port 8080 (http) with context path '/'
2025-04-08T17:40:34.137+09:00  INFO 6088 --- [ex01] [restartedMain] com.example.ex01.Ex01Application         : Started Ex01Application in 0.602 seconds (process running for 39.837)
2025-04-08T17:40:34.143+09:00  INFO 6088 --- [ex01] [restartedMain] .ConditionEvaluationDeltaLoggingListener : Condition evaluation unchanged
2025-04-08T17:40:34.283+09:00  INFO 6088 --- [ex01] [http-nio-8080-exec-1] o.a.c.c.C.[Tomcat].[localhost].[/]       : Initializing Spring DispatcherServlet 'dispatcherServlet'
2025-04-08T17:40:34.283+09:00  INFO 6088 --- [ex01] [http-nio-8080-exec-1] o.s.web.servlet.DispatcherServlet        : Initializing Servlet 'dispatcherServlet'
2025-04-08T17:40:34.283+09:00  INFO 6088 --- [ex01] [http-nio-8080-exec-1] o.s.web.servlet.DispatcherServlet        : Completed initialization in 0 ms
2025-04-08T17:40:58.798+09:00  INFO 29160 --- [ex01] [restartedMain] com.example.ex01.Ex01Application         : Starting Ex01Application using Java 17.0.14 with PID 29160 (C:\boot-workspace\ex01\build\classes\java\main started by chohe in C:\boot-workspace\ex01)
2025-04-08T17:40:58.802+09:00 DEBUG 29160 --- [ex01] [restartedMain] com.example.ex01.Ex01Application         : Running with Spring Boot v3.4.4, Spring v6.2.5
2025-04-08T17:40:58.804+09:00  INFO 29160 --- [ex01] [restartedMain] com.example.ex01.Ex01Application         : No active profile set, falling back to 1 default profile: "default"
2025-04-08T17:40:58.906+09:00  INFO 29160 --- [ex01] [restartedMain] .e.DevToolsPropertyDefaultsPostProcessor : Devtools property defaults active! Set 'spring.devtools.add-properties' to 'false' to disable
2025-04-08T17:40:58.906+09:00  INFO 29160 --- [ex01] [restartedMain] .e.DevToolsPropertyDefaultsPostProcessor : For additional web related logging consider setting the 'logging.level.web' property to 'DEBUG'
2025-04-08T17:41:00.695+09:00  INFO 29160 --- [ex01] [restartedMain] o.s.b.w.embedded.tomcat.TomcatWebServer  : Tomcat initialized with port 8080 (http)
2025-04-08T17:41:00.715+09:00  INFO 29160 --- [ex01] [restartedMain] o.apache.catalina.core.StandardService   : Starting service [Tomcat]
2025-04-08T17:41:00.716+09:00  INFO 29160 --- [ex01] [restartedMain] o.apache.catalina.core.StandardEngine    : Starting Servlet engine: [Apache Tomcat/10.1.39]
2025-04-08T17:41:00.779+09:00  INFO 29160 --- [ex01] [restartedMain] o.a.c.c.C.[Tomcat].[localhost].[/]       : Initializing Spring embedded WebApplicationContext
2025-04-08T17:41:00.780+09:00  INFO 29160 --- [ex01] [restartedMain] w.s.c.ServletWebServerApplicationContext : Root WebApplicationContext: initialization completed in 1872 ms
2025-04-08T17:41:01.505+09:00  INFO 29160 --- [ex01] [restartedMain] o.s.b.d.a.OptionalLiveReloadServer       : LiveReload server is running on port 35729
2025-04-08T17:41:01.552+09:00  INFO 29160 --- [ex01] [restartedMain] o.s.b.w.embedded.tomcat.TomcatWebServer  : Tomcat started on port 8080 (http) with context path '/'
2025-04-08T17:41:01.566+09:00  INFO 29160 --- [ex01] [restartedMain] com.example.ex01.Ex01Application         : Started Ex01Application in 3.527 seconds (process running for 4.066)
2025-04-08T17:41:05.282+09:00  INFO 29160 --- [ex01] [http-nio-8080-exec-1] o.a.c.c.C.[Tomcat].[localhost].[/]       : Initializing Spring DispatcherServlet 'dispatcherServlet'
2025-04-08T17:41:05.282+09:00  INFO 29160 --- [ex01] [http-nio-8080-exec-1] o.s.web.servlet.DispatcherServlet        : Initializing Servlet 'dispatcherServlet'
2025-04-08T17:41:05.284+09:00  INFO 29160 --- [ex01] [http-nio-8080-exec-1] o.s.web.servlet.DispatcherServlet        : Completed initialization in 2 ms
2025-04-08T17:41:25.054+09:00  INFO 29160 --- [ex01] [File Watcher] rtingClassPathChangeChangedEventListener : Restarting due to 1 class path change (0 additions, 1 deletion, 0 modifications)
2025-04-08T17:41:25.058+09:00  INFO 29160 --- [ex01] [Thread-5] o.s.b.w.e.tomcat.GracefulShutdown        : Commencing graceful shutdown. Waiting for active requests to complete
2025-04-08T17:41:25.339+09:00  INFO 29160 --- [ex01] [tomcat-shutdown] o.s.b.w.e.tomcat.GracefulShutdown        : Graceful shutdown complete
2025-04-08T17:41:25.448+09:00  INFO 29160 --- [ex01] [restartedMain] com.example.ex01.Ex01Application         : Starting Ex01Application using Java 17.0.14 with PID 29160 (C:\boot-workspace\ex01\build\classes\java\main started by chohe in C:\boot-workspace\ex01)
2025-04-08T17:41:25.448+09:00 DEBUG 29160 --- [ex01] [restartedMain] com.example.ex01.Ex01Application         : Running with Spring Boot v3.4.4, Spring v6.2.5
2025-04-08T17:41:25.448+09:00  INFO 29160 --- [ex01] [restartedMain] com.example.ex01.Ex01Application         : No active profile set, falling back to 1 default profile: "default"
2025-04-08T17:41:25.839+09:00  INFO 29160 --- [ex01] [restartedMain] o.s.b.w.embedded.tomcat.TomcatWebServer  : Tomcat initialized with port 8080 (http)
2025-04-08T17:41:25.841+09:00  INFO 29160 --- [ex01] [restartedMain] o.apache.catalina.core.StandardService   : Starting service [Tomcat]
2025-04-08T17:41:25.842+09:00  INFO 29160 --- [ex01] [restartedMain] o.apache.catalina.core.StandardEngine    : Starting Servlet engine: [Apache Tomcat/10.1.39]
2025-04-08T17:41:25.872+09:00  INFO 29160 --- [ex01] [restartedMain] o.a.c.c.C.[Tomcat].[localhost].[/]       : Initializing Spring embedded WebApplicationContext
2025-04-08T17:41:25.872+09:00  INFO 29160 --- [ex01] [restartedMain] w.s.c.ServletWebServerApplicationContext : Root WebApplicationContext: initialization completed in 421 ms
2025-04-08T17:41:25.965+09:00  INFO 29160 --- [ex01] [restartedMain] o.s.b.d.a.OptionalLiveReloadServer       : LiveReload server is running on port 35729
2025-04-08T17:41:26.001+09:00  INFO 29160 --- [ex01] [restartedMain] o.s.b.w.embedded.tomcat.TomcatWebServer  : Tomcat started on port 8080 (http) with context path '/'
2025-04-08T17:41:26.011+09:00  INFO 29160 --- [ex01] [restartedMain] com.example.ex01.Ex01Application         : Started Ex01Application in 0.609 seconds (process running for 28.511)
2025-04-08T17:41:26.014+09:00  INFO 29160 --- [ex01] [restartedMain] .ConditionEvaluationDeltaLoggingListener : Condition evaluation unchanged
2025-04-08T17:41:26.893+09:00  INFO 29160 --- [ex01] [http-nio-8080-exec-1] o.a.c.c.C.[Tomcat].[localhost].[/]       : Initializing Spring DispatcherServlet 'dispatcherServlet'
2025-04-08T17:41:26.894+09:00  INFO 29160 --- [ex01] [http-nio-8080-exec-1] o.s.web.servlet.DispatcherServlet        : Initializing Servlet 'dispatcherServlet'
2025-04-08T17:41:26.895+09:00  INFO 29160 --- [ex01] [http-nio-8080-exec-1] o.s.web.servlet.DispatcherServlet        : Completed initialization in 1 ms
2025-04-08T17:41:28.426+09:00  INFO 29160 --- [ex01] [File Watcher] rtingClassPathChangeChangedEventListener : Restarting due to 1 class path change (1 addition, 0 deletions, 0 modifications)
2025-04-08T17:41:28.429+09:00  INFO 29160 --- [ex01] [Thread-7] o.s.b.w.e.tomcat.GracefulShutdown        : Commencing graceful shutdown. Waiting for active requests to complete
2025-04-08T17:41:28.783+09:00  INFO 29160 --- [ex01] [tomcat-shutdown] o.s.b.w.e.tomcat.GracefulShutdown        : Graceful shutdown complete
2025-04-08T17:41:28.901+09:00  INFO 29160 --- [ex01] [restartedMain] com.example.ex01.Ex01Application         : Starting Ex01Application using Java 17.0.14 with PID 29160 (C:\boot-workspace\ex01\build\classes\java\main started by chohe in C:\boot-workspace\ex01)
2025-04-08T17:41:28.902+09:00 DEBUG 29160 --- [ex01] [restartedMain] com.example.ex01.Ex01Application         : Running with Spring Boot v3.4.4, Spring v6.2.5
2025-04-08T17:41:28.905+09:00  INFO 29160 --- [ex01] [restartedMain] com.example.ex01.Ex01Application         : No active profile set, falling back to 1 default profile: "default"
2025-04-08T17:41:29.295+09:00  INFO 29160 --- [ex01] [restartedMain] o.s.b.w.embedded.tomcat.TomcatWebServer  : Tomcat initialized with port 8080 (http)
2025-04-08T17:41:29.297+09:00  INFO 29160 --- [ex01] [restartedMain] o.apache.catalina.core.StandardService   : Starting service [Tomcat]
2025-04-08T17:41:29.298+09:00  INFO 29160 --- [ex01] [restartedMain] o.apache.catalina.core.StandardEngine    : Starting Servlet engine: [Apache Tomcat/10.1.39]
2025-04-08T17:41:29.320+09:00  INFO 29160 --- [ex01] [restartedMain] o.a.c.c.C.[Tomcat].[localhost].[/]       : Initializing Spring embedded WebApplicationContext
2025-04-08T17:41:29.321+09:00  INFO 29160 --- [ex01] [restartedMain] w.s.c.ServletWebServerApplicationContext : Root WebApplicationContext: initialization completed in 409 ms
2025-04-08T17:41:29.414+09:00  INFO 29160 --- [ex01] [restartedMain] o.s.b.d.a.OptionalLiveReloadServer       : LiveReload server is running on port 35729
2025-04-08T17:41:29.423+09:00  INFO 29160 --- [ex01] [restartedMain] o.s.b.w.embedded.tomcat.TomcatWebServer  : Tomcat started on port 8080 (http) with context path '/'
2025-04-08T17:41:29.425+09:00  INFO 29160 --- [ex01] [restartedMain] com.example.ex01.Ex01Application         : Started Ex01Application in 0.576 seconds (process running for 31.926)
2025-04-08T17:41:29.427+09:00  INFO 29160 --- [ex01] [restartedMain] .ConditionEvaluationDeltaLoggingListener : Condition evaluation unchanged
2025-04-08T17:41:29.565+09:00  INFO 29160 --- [ex01] [http-nio-8080-exec-1] o.a.c.c.C.[Tomcat].[localhost].[/]       : Initializing Spring DispatcherServlet 'dispatcherServlet'
2025-04-08T17:41:29.565+09:00  INFO 29160 --- [ex01] [http-nio-8080-exec-1] o.s.web.servlet.DispatcherServlet        : Initializing Servlet 'dispatcherServlet'
2025-04-08T17:41:29.566+09:00  INFO 29160 --- [ex01] [http-nio-8080-exec-1] o.s.web.servlet.DispatcherServlet        : Completed initialization in 1 ms
2025-04-08T17:47:52.362+09:00  INFO 25568 --- [ex01] [restartedMain] com.example.ex01.Ex01Application         : Starting Ex01Application using Java 17.0.14 with PID 25568 (C:\boot-workspace\ex01\build\classes\java\main started by chohe in C:\boot-workspace\ex01)
2025-04-08T17:47:52.365+09:00 DEBUG 25568 --- [ex01] [restartedMain] com.example.ex01.Ex01Application         : Running with Spring Boot v3.4.4, Spring v6.2.5
2025-04-08T17:47:52.367+09:00  INFO 25568 --- [ex01] [restartedMain] com.example.ex01.Ex01Application         : No active profile set, falling back to 1 default profile: "default"
2025-04-08T17:47:52.508+09:00  INFO 25568 --- [ex01] [restartedMain] .e.DevToolsPropertyDefaultsPostProcessor : Devtools property defaults active! Set 'spring.devtools.add-properties' to 'false' to disable
2025-04-08T17:47:52.509+09:00  INFO 25568 --- [ex01] [restartedMain] .e.DevToolsPropertyDefaultsPostProcessor : For additional web related logging consider setting the 'logging.level.web' property to 'DEBUG'
2025-04-08T17:47:54.376+09:00  INFO 25568 --- [ex01] [restartedMain] o.s.b.w.embedded.tomcat.TomcatWebServer  : Tomcat initialized with port 8080 (http)
2025-04-08T17:47:54.401+09:00  INFO 25568 --- [ex01] [restartedMain] o.apache.catalina.core.StandardService   : Starting service [Tomcat]
2025-04-08T17:47:54.401+09:00  INFO 25568 --- [ex01] [restartedMain] o.apache.catalina.core.StandardEngine    : Starting Servlet engine: [Apache Tomcat/10.1.39]
2025-04-08T17:47:54.468+09:00  INFO 25568 --- [ex01] [restartedMain] o.a.c.c.C.[Tomcat].[localhost].[/]       : Initializing Spring embedded WebApplicationContext
2025-04-08T17:47:54.469+09:00  INFO 25568 --- [ex01] [restartedMain] w.s.c.ServletWebServerApplicationContext : Root WebApplicationContext: initialization completed in 1958 ms
2025-04-08T17:47:55.165+09:00  INFO 25568 --- [ex01] [restartedMain] o.s.b.d.a.OptionalLiveReloadServer       : LiveReload server is running on port 35729
2025-04-08T17:47:55.226+09:00  INFO 25568 --- [ex01] [restartedMain] o.s.b.w.embedded.tomcat.TomcatWebServer  : Tomcat started on port 8080 (http) with context path '/'
2025-04-08T17:47:55.238+09:00  INFO 25568 --- [ex01] [restartedMain] com.example.ex01.Ex01Application         : Started Ex01Application in 3.755 seconds (process running for 4.53)
2025-04-08T17:47:55.326+09:00  INFO 25568 --- [ex01] [http-nio-8080-exec-1] o.a.c.c.C.[Tomcat].[localhost].[/]       : Initializing Spring DispatcherServlet 'dispatcherServlet'
2025-04-08T17:47:55.327+09:00  INFO 25568 --- [ex01] [http-nio-8080-exec-1] o.s.web.servlet.DispatcherServlet        : Initializing Servlet 'dispatcherServlet'
2025-04-08T17:47:55.330+09:00  INFO 25568 --- [ex01] [http-nio-8080-exec-1] o.s.web.servlet.DispatcherServlet        : Completed initialization in 1 ms
2025-04-08T17:49:34.170+09:00  INFO 25568 --- [ex01] [File Watcher] rtingClassPathChangeChangedEventListener : Restarting due to 6 class path changes (0 additions, 6 deletions, 0 modifications)
2025-04-08T17:49:34.173+09:00  INFO 25568 --- [ex01] [Thread-5] o.s.b.w.e.tomcat.GracefulShutdown        : Commencing graceful shutdown. Waiting for active requests to complete
2025-04-08T17:49:34.447+09:00  INFO 25568 --- [ex01] [tomcat-shutdown] o.s.b.w.e.tomcat.GracefulShutdown        : Graceful shutdown complete
2025-04-08T17:49:34.567+09:00  INFO 25568 --- [ex01] [restartedMain] com.example.ex01.Ex01Application         : Starting Ex01Application using Java 17.0.14 with PID 25568 (C:\boot-workspace\ex01\build\classes\java\main started by chohe in C:\boot-workspace\ex01)
2025-04-08T17:49:34.568+09:00 DEBUG 25568 --- [ex01] [restartedMain] com.example.ex01.Ex01Application         : Running with Spring Boot v3.4.4, Spring v6.2.5
2025-04-08T17:49:34.569+09:00  INFO 25568 --- [ex01] [restartedMain] com.example.ex01.Ex01Application         : No active profile set, falling back to 1 default profile: "default"
2025-04-08T17:49:35.068+09:00  INFO 25568 --- [ex01] [restartedMain] o.s.b.w.embedded.tomcat.TomcatWebServer  : Tomcat initialized with port 8080 (http)
2025-04-08T17:49:35.070+09:00  INFO 25568 --- [ex01] [restartedMain] o.apache.catalina.core.StandardService   : Starting service [Tomcat]
2025-04-08T17:49:35.070+09:00  INFO 25568 --- [ex01] [restartedMain] o.apache.catalina.core.StandardEngine    : Starting Servlet engine: [Apache Tomcat/10.1.39]
2025-04-08T17:49:35.108+09:00  INFO 25568 --- [ex01] [restartedMain] o.a.c.c.C.[Tomcat].[localhost].[/]       : Initializing Spring embedded WebApplicationContext
2025-04-08T17:49:35.109+09:00  INFO 25568 --- [ex01] [restartedMain] w.s.c.ServletWebServerApplicationContext : Root WebApplicationContext: initialization completed in 535 ms
2025-04-08T17:49:35.227+09:00  INFO 25568 --- [ex01] [restartedMain] o.s.b.d.a.OptionalLiveReloadServer       : LiveReload server is running on port 35729
2025-04-08T17:49:35.244+09:00  INFO 25568 --- [ex01] [restartedMain] o.s.b.w.embedded.tomcat.TomcatWebServer  : Tomcat started on port 8080 (http) with context path '/'
2025-04-08T17:49:35.254+09:00  INFO 25568 --- [ex01] [restartedMain] com.example.ex01.Ex01Application         : Started Ex01Application in 0.741 seconds (process running for 104.546)
2025-04-08T17:49:35.257+09:00  INFO 25568 --- [ex01] [restartedMain] .ConditionEvaluationDeltaLoggingListener : Condition evaluation unchanged
2025-04-08T17:49:37.791+09:00  INFO 25568 --- [ex01] [File Watcher] rtingClassPathChangeChangedEventListener : Restarting due to 6 class path changes (6 additions, 0 deletions, 0 modifications)
2025-04-08T17:49:37.792+09:00  INFO 25568 --- [ex01] [Thread-7] o.s.b.w.e.tomcat.GracefulShutdown        : Commencing graceful shutdown. Waiting for active requests to complete
2025-04-08T17:49:38.060+09:00  INFO 25568 --- [ex01] [tomcat-shutdown] o.s.b.w.e.tomcat.GracefulShutdown        : Graceful shutdown complete
2025-04-08T17:49:38.171+09:00  INFO 25568 --- [ex01] [restartedMain] com.example.ex01.Ex01Application         : Starting Ex01Application using Java 17.0.14 with PID 25568 (C:\boot-workspace\ex01\build\classes\java\main started by chohe in C:\boot-workspace\ex01)
2025-04-08T17:49:38.172+09:00 DEBUG 25568 --- [ex01] [restartedMain] com.example.ex01.Ex01Application         : Running with Spring Boot v3.4.4, Spring v6.2.5
2025-04-08T17:49:38.172+09:00  INFO 25568 --- [ex01] [restartedMain] com.example.ex01.Ex01Application         : No active profile set, falling back to 1 default profile: "default"
2025-04-08T17:49:38.623+09:00  INFO 25568 --- [ex01] [restartedMain] o.s.b.w.embedded.tomcat.TomcatWebServer  : Tomcat initialized with port 8080 (http)
2025-04-08T17:49:38.625+09:00  INFO 25568 --- [ex01] [restartedMain] o.apache.catalina.core.StandardService   : Starting service [Tomcat]
2025-04-08T17:49:38.627+09:00  INFO 25568 --- [ex01] [restartedMain] o.apache.catalina.core.StandardEngine    : Starting Servlet engine: [Apache Tomcat/10.1.39]
2025-04-08T17:49:38.654+09:00  INFO 25568 --- [ex01] [restartedMain] o.a.c.c.C.[Tomcat].[localhost].[/]       : Initializing Spring embedded WebApplicationContext
2025-04-08T17:49:38.655+09:00  INFO 25568 --- [ex01] [restartedMain] w.s.c.ServletWebServerApplicationContext : Root WebApplicationContext: initialization completed in 477 ms
2025-04-08T17:49:38.751+09:00  INFO 25568 --- [ex01] [restartedMain] o.s.b.d.a.OptionalLiveReloadServer       : LiveReload server is running on port 35729
2025-04-08T17:49:38.786+09:00  INFO 25568 --- [ex01] [restartedMain] o.s.b.w.embedded.tomcat.TomcatWebServer  : Tomcat started on port 8080 (http) with context path '/'
2025-04-08T17:49:38.793+09:00  INFO 25568 --- [ex01] [restartedMain] com.example.ex01.Ex01Application         : Started Ex01Application in 0.663 seconds (process running for 108.084)
2025-04-08T17:49:38.795+09:00  INFO 25568 --- [ex01] [restartedMain] .ConditionEvaluationDeltaLoggingListener : Condition evaluation unchanged
2025-04-08T17:50:10.364+09:00  INFO 25568 --- [ex01] [http-nio-8080-exec-1] o.a.c.c.C.[Tomcat].[localhost].[/]       : Initializing Spring DispatcherServlet 'dispatcherServlet'
2025-04-08T17:50:10.365+09:00  INFO 25568 --- [ex01] [http-nio-8080-exec-1] o.s.web.servlet.DispatcherServlet        : Initializing Servlet 'dispatcherServlet'
2025-04-08T17:50:10.367+09:00  INFO 25568 --- [ex01] [http-nio-8080-exec-1] o.s.web.servlet.DispatcherServlet        : Completed initialization in 1 ms
2025-04-08T17:50:20.452+09:00  INFO 25568 --- [ex01] [File Watcher] rtingClassPathChangeChangedEventListener : Restarting due to 1 class path change (0 additions, 1 deletion, 0 modifications)
2025-04-08T17:50:20.455+09:00  INFO 25568 --- [ex01] [Thread-11] o.s.b.w.e.tomcat.GracefulShutdown        : Commencing graceful shutdown. Waiting for active requests to complete
2025-04-08T17:50:20.738+09:00  INFO 25568 --- [ex01] [tomcat-shutdown] o.s.b.w.e.tomcat.GracefulShutdown        : Graceful shutdown complete
2025-04-08T17:50:20.846+09:00  INFO 25568 --- [ex01] [restartedMain] com.example.ex01.Ex01Application         : Starting Ex01Application using Java 17.0.14 with PID 25568 (C:\boot-workspace\ex01\build\classes\java\main started by chohe in C:\boot-workspace\ex01)
2025-04-08T17:50:20.847+09:00 DEBUG 25568 --- [ex01] [restartedMain] com.example.ex01.Ex01Application         : Running with Spring Boot v3.4.4, Spring v6.2.5
2025-04-08T17:50:20.847+09:00  INFO 25568 --- [ex01] [restartedMain] com.example.ex01.Ex01Application         : No active profile set, falling back to 1 default profile: "default"
2025-04-08T17:50:21.210+09:00  INFO 25568 --- [ex01] [restartedMain] o.s.b.w.embedded.tomcat.TomcatWebServer  : Tomcat initialized with port 8080 (http)
2025-04-08T17:50:21.212+09:00  INFO 25568 --- [ex01] [restartedMain] o.apache.catalina.core.StandardService   : Starting service [Tomcat]
2025-04-08T17:50:21.212+09:00  INFO 25568 --- [ex01] [restartedMain] o.apache.catalina.core.StandardEngine    : Starting Servlet engine: [Apache Tomcat/10.1.39]
2025-04-08T17:50:21.240+09:00  INFO 25568 --- [ex01] [restartedMain] o.a.c.c.C.[Tomcat].[localhost].[/]       : Initializing Spring embedded WebApplicationContext
2025-04-08T17:50:21.240+09:00  INFO 25568 --- [ex01] [restartedMain] w.s.c.ServletWebServerApplicationContext : Root WebApplicationContext: initialization completed in 390 ms
2025-04-08T17:50:21.316+09:00  INFO 25568 --- [ex01] [restartedMain] o.s.b.d.a.OptionalLiveReloadServer       : LiveReload server is running on port 35729
2025-04-08T17:50:21.337+09:00  INFO 25568 --- [ex01] [restartedMain] o.s.b.w.embedded.tomcat.TomcatWebServer  : Tomcat started on port 8080 (http) with context path '/'
2025-04-08T17:50:21.341+09:00  INFO 25568 --- [ex01] [restartedMain] com.example.ex01.Ex01Application         : Started Ex01Application in 0.542 seconds (process running for 150.632)
2025-04-08T17:50:21.342+09:00  INFO 25568 --- [ex01] [restartedMain] .ConditionEvaluationDeltaLoggingListener : Condition evaluation unchanged
2025-04-08T17:50:22.307+09:00  INFO 25568 --- [ex01] [http-nio-8080-exec-1] o.a.c.c.C.[Tomcat].[localhost].[/]       : Initializing Spring DispatcherServlet 'dispatcherServlet'
2025-04-08T17:50:22.308+09:00  INFO 25568 --- [ex01] [http-nio-8080-exec-1] o.s.web.servlet.DispatcherServlet        : Initializing Servlet 'dispatcherServlet'
2025-04-08T17:50:22.310+09:00  INFO 25568 --- [ex01] [http-nio-8080-exec-1] o.s.web.servlet.DispatcherServlet        : Completed initialization in 2 ms
2025-04-08T17:50:22.745+09:00  INFO 25568 --- [ex01] [File Watcher] rtingClassPathChangeChangedEventListener : Restarting due to 1 class path change (1 addition, 0 deletions, 0 modifications)
2025-04-08T17:50:22.746+09:00  INFO 25568 --- [ex01] [Thread-15] o.s.b.w.e.tomcat.GracefulShutdown        : Commencing graceful shutdown. Waiting for active requests to complete
2025-04-08T17:50:23.017+09:00  INFO 25568 --- [ex01] [tomcat-shutdown] o.s.b.w.e.tomcat.GracefulShutdown        : Graceful shutdown complete
2025-04-08T17:50:23.125+09:00  INFO 25568 --- [ex01] [restartedMain] com.example.ex01.Ex01Application         : Starting Ex01Application using Java 17.0.14 with PID 25568 (C:\boot-workspace\ex01\build\classes\java\main started by chohe in C:\boot-workspace\ex01)
2025-04-08T17:50:23.125+09:00 DEBUG 25568 --- [ex01] [restartedMain] com.example.ex01.Ex01Application         : Running with Spring Boot v3.4.4, Spring v6.2.5
2025-04-08T17:50:23.126+09:00  INFO 25568 --- [ex01] [restartedMain] com.example.ex01.Ex01Application         : No active profile set, falling back to 1 default profile: "default"
2025-04-08T17:50:23.494+09:00  INFO 25568 --- [ex01] [restartedMain] o.s.b.w.embedded.tomcat.TomcatWebServer  : Tomcat initialized with port 8080 (http)
2025-04-08T17:50:23.497+09:00  INFO 25568 --- [ex01] [restartedMain] o.apache.catalina.core.StandardService   : Starting service [Tomcat]
2025-04-08T17:50:23.498+09:00  INFO 25568 --- [ex01] [restartedMain] o.apache.catalina.core.StandardEngine    : Starting Servlet engine: [Apache Tomcat/10.1.39]
2025-04-08T17:50:23.526+09:00  INFO 25568 --- [ex01] [restartedMain] o.a.c.c.C.[Tomcat].[localhost].[/]       : Initializing Spring embedded WebApplicationContext
2025-04-08T17:50:23.527+09:00  INFO 25568 --- [ex01] [restartedMain] w.s.c.ServletWebServerApplicationContext : Root WebApplicationContext: initialization completed in 398 ms
2025-04-08T17:50:23.630+09:00  INFO 25568 --- [ex01] [restartedMain] o.s.b.d.a.OptionalLiveReloadServer       : LiveReload server is running on port 35729
2025-04-08T17:50:23.640+09:00  INFO 25568 --- [ex01] [restartedMain] o.s.b.w.embedded.tomcat.TomcatWebServer  : Tomcat started on port 8080 (http) with context path '/'
2025-04-08T17:50:23.646+09:00  INFO 25568 --- [ex01] [restartedMain] com.example.ex01.Ex01Application         : Started Ex01Application in 0.564 seconds (process running for 152.938)
2025-04-08T17:50:23.648+09:00  INFO 25568 --- [ex01] [restartedMain] .ConditionEvaluationDeltaLoggingListener : Condition evaluation unchanged
2025-04-08T17:50:24.140+09:00  INFO 25568 --- [ex01] [http-nio-8080-exec-1] o.a.c.c.C.[Tomcat].[localhost].[/]       : Initializing Spring DispatcherServlet 'dispatcherServlet'
2025-04-08T17:50:24.140+09:00  INFO 25568 --- [ex01] [http-nio-8080-exec-1] o.s.web.servlet.DispatcherServlet        : Initializing Servlet 'dispatcherServlet'
2025-04-08T17:50:24.141+09:00  INFO 25568 --- [ex01] [http-nio-8080-exec-1] o.s.web.servlet.DispatcherServlet        : Completed initialization in 1 ms
